running egg_info
writing ../build/bynav/bynav.egg-info/PKG-INFO
writing dependency_links to ../build/bynav/bynav.egg-info/dependency_links.txt
writing entry points to ../build/bynav/bynav.egg-info/entry_points.txt
writing requirements to ../build/bynav/bynav.egg-info/requires.txt
writing top-level names to ../build/bynav/bynav.egg-info/top_level.txt
reading manifest file '../build/bynav/bynav.egg-info/SOURCES.txt'
writing manifest file '../build/bynav/bynav.egg-info/SOURCES.txt'
running build
running build_py
copying bynav/node.py -> /root/cidi_ws/src/build/bynav/build/lib/bynav
running install
running install_lib
copying /root/cidi_ws/src/build/bynav/build/lib/bynav/node.py -> /root/cidi_ws/src/install/bynav/lib/python3.8/site-packages/bynav
byte-compiling /root/cidi_ws/src/install/bynav/lib/python3.8/site-packages/bynav/node.py to node.cpython-38.pyc
running install_data
running install_egg_info
removing '/root/cidi_ws/src/install/bynav/lib/python3.8/site-packages/bynav-0.0.0-py3.8.egg-info' (and everything under it)
Copying ../build/bynav/bynav.egg-info to /root/cidi_ws/src/install/bynav/lib/python3.8/site-packages/bynav-0.0.0-py3.8.egg-info
running install_scripts
Installing bynav_node script to /root/cidi_ws/src/install/bynav/lib/bynav
writing list of installed files to '/root/cidi_ws/src/build/bynav/install.log'
