[0.312s] Invoking command in '/root/cidi_ws/src/bynav': PYTHONPATH=/root/cidi_ws/src/install/bynav/lib/python3.8/site-packages:${PYTHONPATH} /usr/bin/python3 setup.py egg_info --egg-base ../build/bynav build --build-base /root/cidi_ws/src/build/bynav/build install --prefix /root/cidi_ws/src/install/bynav --record /root/cidi_ws/src/build/bynav/install.log --single-version-externally-managed
[0.414s] running egg_info
[0.414s] creating ../build/bynav/bynav.egg-info
[0.414s] writing ../build/bynav/bynav.egg-info/PKG-INFO
[0.414s] writing dependency_links to ../build/bynav/bynav.egg-info/dependency_links.txt
[0.414s] writing entry points to ../build/bynav/bynav.egg-info/entry_points.txt
[0.414s] writing requirements to ../build/bynav/bynav.egg-info/requires.txt
[0.415s] writing top-level names to ../build/bynav/bynav.egg-info/top_level.txt
[0.415s] writing manifest file '../build/bynav/bynav.egg-info/SOURCES.txt'
[0.437s] reading manifest file '../build/bynav/bynav.egg-info/SOURCES.txt'
[0.437s] writing manifest file '../build/bynav/bynav.egg-info/SOURCES.txt'
[0.437s] running build
[0.437s] running build_py
[0.437s] creating /root/cidi_ws/src/build/bynav/build
[0.437s] creating /root/cidi_ws/src/build/bynav/build/lib
[0.438s] creating /root/cidi_ws/src/build/bynav/build/lib/bynav
[0.438s] copying bynav/__init__.py -> /root/cidi_ws/src/build/bynav/build/lib/bynav
[0.438s] copying bynav/node.py -> /root/cidi_ws/src/build/bynav/build/lib/bynav
[0.438s] running install
[0.438s] running install_lib
[0.439s] creating /root/cidi_ws/src/install/bynav/lib/python3.8/site-packages/bynav
[0.439s] copying /root/cidi_ws/src/build/bynav/build/lib/bynav/__init__.py -> /root/cidi_ws/src/install/bynav/lib/python3.8/site-packages/bynav
[0.439s] copying /root/cidi_ws/src/build/bynav/build/lib/bynav/node.py -> /root/cidi_ws/src/install/bynav/lib/python3.8/site-packages/bynav
[0.439s] byte-compiling /root/cidi_ws/src/install/bynav/lib/python3.8/site-packages/bynav/__init__.py to __init__.cpython-38.pyc
[0.440s] byte-compiling /root/cidi_ws/src/install/bynav/lib/python3.8/site-packages/bynav/node.py to node.cpython-38.pyc
[0.440s] running install_data
[0.440s]   File "/root/cidi_ws/src/install/bynav/lib/python3.8/site-packages/bynav/node.py", line 79
[0.440s]     elif str(list[0]) == "#CORRIMUDATAA":
[0.440s]     ^
[0.440s] SyntaxError: invalid syntax
[0.440s] 
[0.440s] creating /root/cidi_ws/src/install/bynav/share/ament_index
[0.440s] creating /root/cidi_ws/src/install/bynav/share/ament_index/resource_index
[0.440s] creating /root/cidi_ws/src/install/bynav/share/ament_index/resource_index/packages
[0.440s] copying resource/bynav -> /root/cidi_ws/src/install/bynav/share/ament_index/resource_index/packages
[0.440s] copying package.xml -> /root/cidi_ws/src/install/bynav/share/bynav
[0.440s] running install_egg_info
[0.441s] Copying ../build/bynav/bynav.egg-info to /root/cidi_ws/src/install/bynav/lib/python3.8/site-packages/bynav-0.0.0-py3.8.egg-info
[0.442s] running install_scripts
[0.452s] Installing bynav_node script to /root/cidi_ws/src/install/bynav/lib/bynav
[0.452s] writing list of installed files to '/root/cidi_ws/src/build/bynav/install.log'
[0.463s] Invoked command in '/root/cidi_ws/src/bynav' returned '0': PYTHONPATH=/root/cidi_ws/src/install/bynav/lib/python3.8/site-packages:${PYTHONPATH} /usr/bin/python3 setup.py egg_info --egg-base ../build/bynav build --build-base /root/cidi_ws/src/build/bynav/build install --prefix /root/cidi_ws/src/install/bynav --record /root/cidi_ws/src/build/bynav/install.log --single-version-externally-managed
